Release 11.5 - platgen Xilinx EDK 11.5 Build EDK_LS5.70
 (lin)
Copyright (c) 1995-2009 Xilinx, Inc.  All rights reserved.

Command Line: platgen -p xc5vfx130tff1738-1 -lang vhdl -msg
__xps/ise/xmsgprops.lst system.mhs 

Parse
/proj/users/hmnguyen/qmfir_digital_filter_cores/qmfir_eth/qmfir_udp/EDK_project/
system.mhs ...

Read MPD definitions ...
WARNING:EDK:3400 - Use of the repository located at
   /proj/sw/Xilinx/11.1/edk_user_repository/ 
   (equivalent of $XILINX_EDK/../edk_user_repository) is now deprecated. 
   It is recommended that you use Global SearchPath preference to specify search
   paths that apply to all the projects.

Overriding IP level properties ...
INFO:EDK:1560 - IPNAME:mpmc INSTANCE:DDR_SDRAM_0 -
   /proj/sw/Xilinx/11.1/EDK/hw/XilinxProcessorIPLib/pcores/mpmc_v5_04_a/data/mpm
   c_v2_1_0.mpd line 171 - tcl is overriding PARAMETER C_IODELAY_GRP value to
   DDR_SDRAM_0
INFO:EDK:1560 - IPNAME:mpmc INSTANCE:DDR_SDRAM_0 -
   /proj/sw/Xilinx/11.1/EDK/hw/XilinxProcessorIPLib/pcores/mpmc_v5_04_a/data/mpm
   c_v2_1_0.mpd line 247 - tcl is overriding PARAMETER C_MEM_PART_DATA_DEPTH
   value to 64
INFO:EDK:1560 - IPNAME:mpmc INSTANCE:DDR_SDRAM_0 -
   /proj/sw/Xilinx/11.1/EDK/hw/XilinxProcessorIPLib/pcores/mpmc_v5_04_a/data/mpm
   c_v2_1_0.mpd line 248 - tcl is overriding PARAMETER C_MEM_PART_DATA_WIDTH
   value to 16
INFO:EDK:1560 - IPNAME:mpmc INSTANCE:DDR_SDRAM_0 -
   /proj/sw/Xilinx/11.1/EDK/hw/XilinxProcessorIPLib/pcores/mpmc_v5_04_a/data/mpm
   c_v2_1_0.mpd line 250 - tcl is overriding PARAMETER C_MEM_PART_NUM_ROW_BITS
   value to 14
INFO:EDK:1560 - IPNAME:mpmc INSTANCE:DDR_SDRAM_0 -
   /proj/sw/Xilinx/11.1/EDK/hw/XilinxProcessorIPLib/pcores/mpmc_v5_04_a/data/mpm
   c_v2_1_0.mpd line 251 - tcl is overriding PARAMETER C_MEM_PART_NUM_COL_BITS
   value to 10
INFO:EDK:1560 - IPNAME:mpmc INSTANCE:DDR_SDRAM_0 -
   /proj/sw/Xilinx/11.1/EDK/hw/XilinxProcessorIPLib/pcores/mpmc_v5_04_a/data/mpm
   c_v2_1_0.mpd line 252 - tcl is overriding PARAMETER C_MEM_PART_TRAS value to
   42000
INFO:EDK:1560 - IPNAME:mpmc INSTANCE:DDR_SDRAM_0 -
   /proj/sw/Xilinx/11.1/EDK/hw/XilinxProcessorIPLib/pcores/mpmc_v5_04_a/data/mpm
   c_v2_1_0.mpd line 253 - tcl is overriding PARAMETER C_MEM_PART_TRASMAX value
   to 70000000
INFO:EDK:1560 - IPNAME:mpmc INSTANCE:DDR_SDRAM_0 -
   /proj/sw/Xilinx/11.1/EDK/hw/XilinxProcessorIPLib/pcores/mpmc_v5_04_a/data/mpm
   c_v2_1_0.mpd line 254 - tcl is overriding PARAMETER C_MEM_PART_TRC value to
   60000
INFO:EDK:1560 - IPNAME:mpmc INSTANCE:DDR_SDRAM_0 -
   /proj/sw/Xilinx/11.1/EDK/hw/XilinxProcessorIPLib/pcores/mpmc_v5_04_a/data/mpm
   c_v2_1_0.mpd line 255 - tcl is overriding PARAMETER C_MEM_PART_TRCD value to
   15000
INFO:EDK:1560 - IPNAME:mpmc INSTANCE:DDR_SDRAM_0 -
   /proj/sw/Xilinx/11.1/EDK/hw/XilinxProcessorIPLib/pcores/mpmc_v5_04_a/data/mpm
   c_v2_1_0.mpd line 257 - tcl is overriding PARAMETER C_MEM_PART_TWR value to
   15000
INFO:EDK:1560 - IPNAME:mpmc INSTANCE:DDR_SDRAM_0 -
   /proj/sw/Xilinx/11.1/EDK/hw/XilinxProcessorIPLib/pcores/mpmc_v5_04_a/data/mpm
   c_v2_1_0.mpd line 258 - tcl is overriding PARAMETER C_MEM_PART_TRP value to
   15000
INFO:EDK:1560 - IPNAME:mpmc INSTANCE:DDR_SDRAM_0 -
   /proj/sw/Xilinx/11.1/EDK/hw/XilinxProcessorIPLib/pcores/mpmc_v5_04_a/data/mpm
   c_v2_1_0.mpd line 259 - tcl is overriding PARAMETER C_MEM_PART_TMRD value to
   2
INFO:EDK:1560 - IPNAME:mpmc INSTANCE:DDR_SDRAM_0 -
   /proj/sw/Xilinx/11.1/EDK/hw/XilinxProcessorIPLib/pcores/mpmc_v5_04_a/data/mpm
   c_v2_1_0.mpd line 260 - tcl is overriding PARAMETER C_MEM_PART_TRRD value to
   12000
INFO:EDK:1560 - IPNAME:mpmc INSTANCE:DDR_SDRAM_0 -
   /proj/sw/Xilinx/11.1/EDK/hw/XilinxProcessorIPLib/pcores/mpmc_v5_04_a/data/mpm
   c_v2_1_0.mpd line 261 - tcl is overriding PARAMETER C_MEM_PART_TRFC value to
   120000
INFO:EDK:1560 - IPNAME:mpmc INSTANCE:DDR_SDRAM_0 -
   /proj/sw/Xilinx/11.1/EDK/hw/XilinxProcessorIPLib/pcores/mpmc_v5_04_a/data/mpm
   c_v2_1_0.mpd line 262 - tcl is overriding PARAMETER C_MEM_PART_TREFI value to
   7800000
INFO:EDK:1560 - IPNAME:mpmc INSTANCE:DDR_SDRAM_0 -
   /proj/sw/Xilinx/11.1/EDK/hw/XilinxProcessorIPLib/pcores/mpmc_v5_04_a/data/mpm
   c_v2_1_0.mpd line 269 - tcl is overriding PARAMETER C_MEM_PART_CAS_A_FMAX
   value to 133
INFO:EDK:1560 - IPNAME:mpmc INSTANCE:DDR_SDRAM_0 -
   /proj/sw/Xilinx/11.1/EDK/hw/XilinxProcessorIPLib/pcores/mpmc_v5_04_a/data/mpm
   c_v2_1_0.mpd line 270 - tcl is overriding PARAMETER C_MEM_PART_CAS_A value to
   2
INFO:EDK:1560 - IPNAME:mpmc INSTANCE:DDR_SDRAM_0 -
   /proj/sw/Xilinx/11.1/EDK/hw/XilinxProcessorIPLib/pcores/mpmc_v5_04_a/data/mpm
   c_v2_1_0.mpd line 271 - tcl is overriding PARAMETER C_MEM_PART_CAS_B_FMAX
   value to 166
INFO:EDK:1560 - IPNAME:mpmc INSTANCE:DDR_SDRAM_0 -
   /proj/sw/Xilinx/11.1/EDK/hw/XilinxProcessorIPLib/pcores/mpmc_v5_04_a/data/mpm
   c_v2_1_0.mpd line 272 - tcl is overriding PARAMETER C_MEM_PART_CAS_B value to
   2.5
INFO:EDK:1560 - IPNAME:mpmc INSTANCE:DDR_SDRAM_0 -
   /proj/sw/Xilinx/11.1/EDK/hw/XilinxProcessorIPLib/pcores/mpmc_v5_04_a/data/mpm
   c_v2_1_0.mpd line 291 - tcl is overriding PARAMETER C_MEM_ADDR_WIDTH value to
   14
INFO:EDK:1560 - IPNAME:mpmc INSTANCE:DDR_SDRAM_0 -
   /proj/sw/Xilinx/11.1/EDK/hw/XilinxProcessorIPLib/pcores/mpmc_v5_04_a/data/mpm
   c_v2_1_0.mpd line 295 - tcl is overriding PARAMETER C_MEM_DM_WIDTH value to 4
INFO:EDK:1560 - IPNAME:mpmc INSTANCE:DDR_SDRAM_0 -
   /proj/sw/Xilinx/11.1/EDK/hw/XilinxProcessorIPLib/pcores/mpmc_v5_04_a/data/mpm
   c_v2_1_0.mpd line 296 - tcl is overriding PARAMETER C_MEM_DQS_WIDTH value to
   4
INFO:EDK:1560 - IPNAME:mpmc INSTANCE:DDR_SDRAM_0 -
   /proj/sw/Xilinx/11.1/EDK/hw/XilinxProcessorIPLib/pcores/mpmc_v5_04_a/data/mpm
   c_v2_1_0.mpd line 308 - tcl is overriding PARAMETER C_ECC_DATA_WIDTH value to
   8
INFO:EDK:1560 - IPNAME:mpmc INSTANCE:DDR_SDRAM_0 -
   /proj/sw/Xilinx/11.1/EDK/hw/XilinxProcessorIPLib/pcores/mpmc_v5_04_a/data/mpm
   c_v2_1_0.mpd line 309 - tcl is overriding PARAMETER C_ECC_DM_WIDTH value to 1
INFO:EDK:1560 - IPNAME:mpmc INSTANCE:DDR_SDRAM_0 -
   /proj/sw/Xilinx/11.1/EDK/hw/XilinxProcessorIPLib/pcores/mpmc_v5_04_a/data/mpm
   c_v2_1_0.mpd line 310 - tcl is overriding PARAMETER C_ECC_DQS_WIDTH value to
   1

Performing IP level DRCs on properties...

Running DRC Tcl procedures for OPTION IPLEVEL_DRC_PROC...
Address Map for Processor ppc440_0
  (0b0000000000-0b0011111111) ppc440_0	
  (0000000000-0x1fffffff) DDR_SDRAM_0	plb_v46_0
  (0x81800000-0x8180ffff) xps_intc_0	plb_v46_0
  (0x81a00000-0x81a0ffff) Hard_Ethernet_MAC_fifo	plb_v46_0
  (0x83800000-0x8380ffff) xps_sysmon_adc_0	plb_v46_0
  (0x83c00000-0x83c0ffff) xps_timer_0	plb_v46_0
  (0x83c80000-0x83cfffff) Hard_Ethernet_MAC	plb_v46_0
  (0x84000000-0x8400ffff) RS232_0	plb_v46_0
  (0x84800000-0x8480ffff) DDR_SDRAM_0	plb_v46_0
  (0xc1a00000-0xc1a0ffff) qmfir_0	plb_v46_0
  (0xc1a20000-0xc1a2ffff) qmfir_0	plb_v46_0
  (0xc1a40000-0xc1a4ffff) qmfir_0	plb_v46_0
  (0xcea00000-0xcea0ffff) qmfir_0	plb_v46_0
  (0xffff8000-0xffffffff) xps_bram_if_cntlr_0	plb_v46_0
INFO:EDK:1560 - IPNAME:mpmc INSTANCE:DDR_SDRAM_0 -
   /proj/sw/Xilinx/11.1/EDK/hw/XilinxProcessorIPLib/pcores/mpmc_v5_04_a/data/mpm
   c_v2_1_0.mpd line 352 - tool is overriding PARAMETER C_SPLB0_P2P value to 0
INFO:EDK:1560 - IPNAME:mpmc INSTANCE:DDR_SDRAM_0 -
   /proj/sw/Xilinx/11.1/EDK/hw/XilinxProcessorIPLib/pcores/mpmc_v5_04_a/data/mpm
   c_v2_1_0.mpd line 166 - tool is overriding PARAMETER C_MPMC_CTRL_P2P value to
   0

Computing clock values...
INFO:EDK:1039 - Did not update the value for parameter:
   DDR_SDRAM_0:C_MPMC_CLK_MEM_PERIOD_PS. Top-level frequency could not be
   propagated to this IP. Please make sure that you have specified the frequency
   of the top-level clock port, and that the clocks are properly connected.
INFO:EDK:1560 - IPNAME:xps_timer INSTANCE:xps_timer_0 -
   /proj/sw/Xilinx/11.1/EDK/hw/XilinxProcessorIPLib/pcores/xps_timer_v1_01_b/dat
   a/xps_timer_v2_1_0.mpd line 78 - tool is overriding PARAMETER C_SPLB_DWIDTH
   value to 128
INFO:EDK:1560 - IPNAME:xps_timer INSTANCE:xps_timer_0 -
   /proj/sw/Xilinx/11.1/EDK/hw/XilinxProcessorIPLib/pcores/xps_timer_v1_01_b/dat
   a/xps_timer_v2_1_0.mpd line 80 - tool is overriding PARAMETER
   C_SPLB_MID_WIDTH value to 1
INFO:EDK:1560 - IPNAME:xps_timer INSTANCE:xps_timer_0 -
   /proj/sw/Xilinx/11.1/EDK/hw/XilinxProcessorIPLib/pcores/xps_timer_v1_01_b/dat
   a/xps_timer_v2_1_0.mpd line 81 - tool is overriding PARAMETER
   C_SPLB_NUM_MASTERS value to 1
INFO:EDK:1560 - IPNAME:xps_sysmon_adc INSTANCE:xps_sysmon_adc_0 -
   /proj/sw/Xilinx/11.1/EDK/hw/XilinxProcessorIPLib/pcores/xps_sysmon_adc_v2_00_
   a/data/xps_sysmon_adc_v2_1_0.mpd line 72 - tool is overriding PARAMETER
   C_SPLB_DWIDTH value to 128
INFO:EDK:1560 - IPNAME:xps_intc INSTANCE:xps_intc_0 -
   /proj/sw/Xilinx/11.1/EDK/hw/XilinxProcessorIPLib/pcores/xps_intc_v2_00_a/data
   /xps_intc_v2_1_0.mpd line 73 - tool is overriding PARAMETER C_SPLB_DWIDTH
   value to 128
INFO:EDK:1560 - IPNAME:bram_block INSTANCE:xps_bram_if_cntlr_0_bram -
   /proj/sw/Xilinx/11.1/EDK/hw/XilinxProcessorIPLib/pcores/bram_block_v1_00_a/da
   ta/bram_block_v2_1_0.mpd line 69 - tool is overriding PARAMETER C_MEMSIZE
   value to 0x8000
INFO:EDK:1560 - IPNAME:bram_block INSTANCE:xps_bram_if_cntlr_0_bram -
   /proj/sw/Xilinx/11.1/EDK/hw/XilinxProcessorIPLib/pcores/bram_block_v1_00_a/da
   ta/bram_block_v2_1_0.mpd line 70 - tool is overriding PARAMETER C_PORT_DWIDTH
   value to 64
INFO:EDK:1560 - IPNAME:bram_block INSTANCE:xps_bram_if_cntlr_0_bram -
   /proj/sw/Xilinx/11.1/EDK/hw/XilinxProcessorIPLib/pcores/bram_block_v1_00_a/da
   ta/bram_block_v2_1_0.mpd line 72 - tool is overriding PARAMETER C_NUM_WE
   value to 8
INFO:EDK:1560 - IPNAME:xps_bram_if_cntlr INSTANCE:xps_bram_if_cntlr_0 -
   /proj/sw/Xilinx/11.1/EDK/hw/XilinxProcessorIPLib/pcores/xps_bram_if_cntlr_v1_
   00_b/data/xps_bram_if_cntlr_v2_1_0.mpd line 75 - tool is overriding PARAMETER
   C_SPLB_DWIDTH value to 128
INFO:EDK:1560 - IPNAME:xps_bram_if_cntlr INSTANCE:xps_bram_if_cntlr_0 -
   /proj/sw/Xilinx/11.1/EDK/hw/XilinxProcessorIPLib/pcores/xps_bram_if_cntlr_v1_
   00_b/data/xps_bram_if_cntlr_v2_1_0.mpd line 76 - tool is overriding PARAMETER
   C_SPLB_NUM_MASTERS value to 1
INFO:EDK:1560 - IPNAME:xps_bram_if_cntlr INSTANCE:xps_bram_if_cntlr_0 -
   /proj/sw/Xilinx/11.1/EDK/hw/XilinxProcessorIPLib/pcores/xps_bram_if_cntlr_v1_
   00_b/data/xps_bram_if_cntlr_v2_1_0.mpd line 80 - tool is overriding PARAMETER
   C_SPLB_SMALLEST_MASTER value to 128
INFO:EDK:1560 - IPNAME:plb_v46 INSTANCE:plb_v46_0 -
   /proj/sw/Xilinx/11.1/EDK/hw/XilinxProcessorIPLib/pcores/plb_v46_v1_04_a/data/
   plb_v46_v2_1_0.mpd line 70 - tool is overriding PARAMETER
   C_PLBV46_NUM_MASTERS value to 1
INFO:EDK:1560 - IPNAME:plb_v46 INSTANCE:plb_v46_0 -
   /proj/sw/Xilinx/11.1/EDK/hw/XilinxProcessorIPLib/pcores/plb_v46_v1_04_a/data/
   plb_v46_v2_1_0.mpd line 71 - tool is overriding PARAMETER C_PLBV46_NUM_SLAVES
   value to 10
INFO:EDK:1560 - IPNAME:plb_v46 INSTANCE:plb_v46_0 -
   /proj/sw/Xilinx/11.1/EDK/hw/XilinxProcessorIPLib/pcores/plb_v46_v1_04_a/data/
   plb_v46_v2_1_0.mpd line 72 - tool is overriding PARAMETER C_PLBV46_MID_WIDTH
   value to 1
INFO:EDK:1560 - IPNAME:plb_v46 INSTANCE:plb_v46_0 -
   /proj/sw/Xilinx/11.1/EDK/hw/XilinxProcessorIPLib/pcores/plb_v46_v1_04_a/data/
   plb_v46_v2_1_0.mpd line 74 - tool is overriding PARAMETER C_PLBV46_DWIDTH
   value to 128
INFO:EDK:1560 - IPNAME:xps_uartlite INSTANCE:RS232_0 -
   /proj/sw/Xilinx/11.1/EDK/hw/XilinxProcessorIPLib/pcores/xps_uartlite_v1_01_a/
   data/xps_uartlite_v2_1_0.mpd line 73 - tool is overriding PARAMETER
   C_SPLB_DWIDTH value to 128
INFO:EDK:1560 - IPNAME:xps_ll_fifo INSTANCE:Hard_Ethernet_MAC_fifo -
   /proj/sw/Xilinx/11.1/EDK/hw/XilinxProcessorIPLib/pcores/xps_ll_fifo_v1_02_a/d
   ata/xps_ll_fifo_v2_1_0.mpd line 66 - tool is overriding PARAMETER
   C_SPLB_MID_WIDTH value to 1
INFO:EDK:1560 - IPNAME:xps_ll_fifo INSTANCE:Hard_Ethernet_MAC_fifo -
   /proj/sw/Xilinx/11.1/EDK/hw/XilinxProcessorIPLib/pcores/xps_ll_fifo_v1_02_a/d
   ata/xps_ll_fifo_v2_1_0.mpd line 67 - tool is overriding PARAMETER
   C_SPLB_NUM_MASTERS value to 1
INFO:EDK:1560 - IPNAME:xps_ll_fifo INSTANCE:Hard_Ethernet_MAC_fifo -
   /proj/sw/Xilinx/11.1/EDK/hw/XilinxProcessorIPLib/pcores/xps_ll_fifo_v1_02_a/d
   ata/xps_ll_fifo_v2_1_0.mpd line 73 - tool is overriding PARAMETER
   C_SPLB_DWIDTH value to 128
INFO:EDK:1560 - IPNAME:xps_ll_temac INSTANCE:Hard_Ethernet_MAC -
   /proj/sw/Xilinx/11.1/EDK/hw/XilinxProcessorIPLib/pcores/xps_ll_temac_v2_03_a/
   data/xps_ll_temac_v2_1_0.mpd line 82 - tool is overriding PARAMETER
   C_SPLB_DWIDTH value to 128
INFO:EDK:1560 - IPNAME:xps_ll_temac INSTANCE:Hard_Ethernet_MAC -
   /proj/sw/Xilinx/11.1/EDK/hw/XilinxProcessorIPLib/pcores/xps_ll_temac_v2_03_a/
   data/xps_ll_temac_v2_1_0.mpd line 84 - tool is overriding PARAMETER
   C_SPLB_NUM_MASTERS value to 1
INFO:EDK:1560 - IPNAME:xps_ll_temac INSTANCE:Hard_Ethernet_MAC -
   /proj/sw/Xilinx/11.1/EDK/hw/XilinxProcessorIPLib/pcores/xps_ll_temac_v2_03_a/
   data/xps_ll_temac_v2_1_0.mpd line 85 - tool is overriding PARAMETER
   C_SPLB_MID_WIDTH value to 1
INFO:EDK:1560 - IPNAME:mpmc INSTANCE:DDR_SDRAM_0 -
   /proj/sw/Xilinx/11.1/EDK/hw/XilinxProcessorIPLib/pcores/mpmc_v5_04_a/data/mpm
   c_v2_1_0.mpd line 162 - tool is overriding PARAMETER C_MPMC_CTRL_DWIDTH value
   to 128
INFO:EDK:1560 - IPNAME:mpmc INSTANCE:DDR_SDRAM_0 -
   /proj/sw/Xilinx/11.1/EDK/hw/XilinxProcessorIPLib/pcores/mpmc_v5_04_a/data/mpm
   c_v2_1_0.mpd line 168 - tool is overriding PARAMETER
   C_MPMC_CTRL_SMALLEST_MASTER value to 128
INFO:EDK:1560 - IPNAME:mpmc INSTANCE:DDR_SDRAM_0 -
   /proj/sw/Xilinx/11.1/EDK/hw/XilinxProcessorIPLib/pcores/mpmc_v5_04_a/data/mpm
   c_v2_1_0.mpd line 348 - tool is overriding PARAMETER C_SPLB0_DWIDTH value to
   128
INFO:EDK:1560 - IPNAME:mpmc INSTANCE:DDR_SDRAM_0 -
   /proj/sw/Xilinx/11.1/EDK/hw/XilinxProcessorIPLib/pcores/mpmc_v5_04_a/data/mpm
   c_v2_1_0.mpd line 354 - tool is overriding PARAMETER C_SPLB0_SMALLEST_MASTER
   value to 128
INFO:EDK:1560 - IPNAME:qmfir INSTANCE:qmfir_0 -
   /proj/users/hmnguyen/qmfir_digital_filter_cores/qmfir_eth/qmfir_udp/EDK_proje
   ct/pcores/qmfir_v1_00_a/data/qmfir_v2_1_0.mpd line 29 - tool is overriding
   PARAMETER C_SPLB_NUM_MASTERS value to 1
INFO:EDK:1560 - IPNAME:qmfir INSTANCE:qmfir_0 -
   /proj/users/hmnguyen/qmfir_digital_filter_cores/qmfir_eth/qmfir_udp/EDK_proje
   ct/pcores/qmfir_v1_00_a/data/qmfir_v2_1_0.mpd line 30 - tool is overriding
   PARAMETER C_SPLB_MID_WIDTH value to 1
INFO:EDK:1560 - IPNAME:qmfir INSTANCE:qmfir_0 -
   /proj/users/hmnguyen/qmfir_digital_filter_cores/qmfir_eth/qmfir_udp/EDK_proje
   ct/pcores/qmfir_v1_00_a/data/qmfir_v2_1_0.mpd line 34 - tool is overriding
   PARAMETER C_SPLB_SMALLEST_MASTER value to 128

Checking platform address map ...

Checking platform configuration ...
IPNAME:plb_v46 INSTANCE:plb_v46_0 -
/proj/users/hmnguyen/qmfir_digital_filter_cores/qmfir_eth/qmfir_udp/EDK_project/
system.mhs line 136 - 1 master(s) : 10 slave(s)

Checking port drivers...
WARNING:EDK:2098 - PORT:HostMiimRdy CONNECTOR:host_mii_rdy -
   /proj/sw/Xilinx/11.1/EDK/hw/XilinxProcessorIPLib/pcores/xps_ll_temac_v2_03_a/
   data/xps_ll_temac_v2_1_0.mpd line 264 - No driver found. Port will be driven
   to GND!
WARNING:EDK:2098 - PORT:HostRdData CONNECTOR:host_rd_data -
   /proj/sw/Xilinx/11.1/EDK/hw/XilinxProcessorIPLib/pcores/xps_ll_temac_v2_03_a/
   data/xps_ll_temac_v2_1_0.mpd line 265 - No driver found. Port will be driven
   to GND!
WARNING:EDK:2099 - PORT:HostMiimSel CONNECTOR:host_mii_sel -
   /proj/sw/Xilinx/11.1/EDK/hw/XilinxProcessorIPLib/pcores/xps_ll_temac_v2_03_a/
   data/xps_ll_temac_v2_1_0.mpd line 266 - floating connection!
WARNING:EDK:2099 - PORT:HostReq CONNECTOR:host_req -
   /proj/sw/Xilinx/11.1/EDK/hw/XilinxProcessorIPLib/pcores/xps_ll_temac_v2_03_a/
   data/xps_ll_temac_v2_1_0.mpd line 267 - floating connection!
WARNING:EDK:2099 - PORT:HostAddr CONNECTOR:host_addr -
   /proj/sw/Xilinx/11.1/EDK/hw/XilinxProcessorIPLib/pcores/xps_ll_temac_v2_03_a/
   data/xps_ll_temac_v2_1_0.mpd line 268 - floating connection!
WARNING:EDK:2099 - PORT:HostEmac1Sel CONNECTOR:host_emac1_sel -
   /proj/sw/Xilinx/11.1/EDK/hw/XilinxProcessorIPLib/pcores/xps_ll_temac_v2_03_a/
   data/xps_ll_temac_v2_1_0.mpd line 269 - floating connection!

Performing Clock DRCs...
INFO:EDK:1038 - Did not implement clock DRCs for parameter:
   DDR_SDRAM_0:C_MPMC_CLK_MEM_PERIOD_PS. Top-level frequency could not be
   propagated to this IP. Please make sure that you have specified the frequency
   of the top-level clock port, and that the clocks are properly connected.

Performing Reset DRCs...

Overriding system level properties...
INFO:EDK:1560 - IPNAME:xps_intc INSTANCE:xps_intc_0 -
   /proj/sw/Xilinx/11.1/EDK/hw/XilinxProcessorIPLib/pcores/xps_intc_v2_00_a/data
   /xps_intc_v2_1_0.mpd line 79 - tcl is overriding PARAMETER C_NUM_INTR_INPUTS
   value to 7
INFO:EDK:1560 - IPNAME:xps_intc INSTANCE:xps_intc_0 -
   /proj/sw/Xilinx/11.1/EDK/hw/XilinxProcessorIPLib/pcores/xps_intc_v2_00_a/data
   /xps_intc_v2_1_0.mpd line 80 - tcl is overriding PARAMETER C_KIND_OF_INTR
   value to 0b11111111111111111111111110000100
INFO:EDK:1560 - IPNAME:xps_intc INSTANCE:xps_intc_0 -
   /proj/sw/Xilinx/11.1/EDK/hw/XilinxProcessorIPLib/pcores/xps_intc_v2_00_a/data
   /xps_intc_v2_1_0.mpd line 81 - tcl is overriding PARAMETER C_KIND_OF_EDGE
   value to 0b11111111111111111111111111111111
INFO:EDK:1560 - IPNAME:xps_intc INSTANCE:xps_intc_0 -
   /proj/sw/Xilinx/11.1/EDK/hw/XilinxProcessorIPLib/pcores/xps_intc_v2_00_a/data
   /xps_intc_v2_1_0.mpd line 82 - tcl is overriding PARAMETER C_KIND_OF_LVL
   value to 0b11111111111111111111111111110111
INFO:EDK:1560 - IPNAME:jtagppc_cntlr INSTANCE:jtagppc_cntlr_inst -
   /proj/sw/Xilinx/11.1/EDK/hw/XilinxProcessorIPLib/pcores/jtagppc_cntlr_v2_01_c
   /data/jtagppc_cntlr_v2_1_0.mpd line 70 - tcl is overriding PARAMETER
   C_NUM_PPC_USED value to 1
INFO:EDK:1560 - IPNAME:mpmc INSTANCE:DDR_SDRAM_0 -
   /proj/sw/Xilinx/11.1/EDK/hw/XilinxProcessorIPLib/pcores/mpmc_v5_04_a/data/mpm
   c_v2_1_0.mpd line 283 - tcl is overriding PARAMETER C_MEM_CAS_LATENCY value
   to 2
INFO:EDK:1560 - IPNAME:mpmc INSTANCE:DDR_SDRAM_0 -
   /proj/sw/Xilinx/11.1/EDK/hw/XilinxProcessorIPLib/pcores/mpmc_v5_04_a/data/mpm
   c_v2_1_0.mpd line 344 - tcl is overriding PARAMETER C_PIM0_B_SUBTYPE value to
   PLB
INFO:EDK:1560 - IPNAME:mpmc INSTANCE:DDR_SDRAM_0 -
   /proj/sw/Xilinx/11.1/EDK/hw/XilinxProcessorIPLib/pcores/mpmc_v5_04_a/data/mpm
   c_v2_1_0.mpd line 752 - tcl is overriding PARAMETER C_TWR value to 15000
INFO:EDK:1560 - IPNAME:mpmc INSTANCE:DDR_SDRAM_0 -
   /proj/sw/Xilinx/11.1/EDK/hw/XilinxProcessorIPLib/pcores/mpmc_v5_04_a/data/mpm
   c_v2_1_0.mpd line 754 - tcl is overriding PARAMETER C_CTRL_IS_WRITE_INDEX
   value to 1
INFO:EDK:1560 - IPNAME:mpmc INSTANCE:DDR_SDRAM_0 -
   /proj/sw/Xilinx/11.1/EDK/hw/XilinxProcessorIPLib/pcores/mpmc_v5_04_a/data/mpm
   c_v2_1_0.mpd line 755 - tcl is overriding PARAMETER C_CTRL_PHYIF_RAS_N_INDEX
   value to 2
INFO:EDK:1560 - IPNAME:mpmc INSTANCE:DDR_SDRAM_0 -
   /proj/sw/Xilinx/11.1/EDK/hw/XilinxProcessorIPLib/pcores/mpmc_v5_04_a/data/mpm
   c_v2_1_0.mpd line 756 - tcl is overriding PARAMETER C_CTRL_PHYIF_CAS_N_INDEX
   value to 3
INFO:EDK:1560 - IPNAME:mpmc INSTANCE:DDR_SDRAM_0 -
   /proj/sw/Xilinx/11.1/EDK/hw/XilinxProcessorIPLib/pcores/mpmc_v5_04_a/data/mpm
   c_v2_1_0.mpd line 757 - tcl is overriding PARAMETER C_CTRL_PHYIF_WE_N_INDEX
   value to 4
INFO:EDK:1560 - IPNAME:mpmc INSTANCE:DDR_SDRAM_0 -
   /proj/sw/Xilinx/11.1/EDK/hw/XilinxProcessorIPLib/pcores/mpmc_v5_04_a/data/mpm
   c_v2_1_0.mpd line 758 - tcl is overriding PARAMETER C_CTRL_RMW_INDEX value to
   6
INFO:EDK:1560 - IPNAME:mpmc INSTANCE:DDR_SDRAM_0 -
   /proj/sw/Xilinx/11.1/EDK/hw/XilinxProcessorIPLib/pcores/mpmc_v5_04_a/data/mpm
   c_v2_1_0.mpd line 759 - tcl is overriding PARAMETER C_CTRL_SKIP_0_INDEX value
   to 7
INFO:EDK:1560 - IPNAME:mpmc INSTANCE:DDR_SDRAM_0 -
   /proj/sw/Xilinx/11.1/EDK/hw/XilinxProcessorIPLib/pcores/mpmc_v5_04_a/data/mpm
   c_v2_1_0.mpd line 760 - tcl is overriding PARAMETER C_CTRL_PHYIF_DQS_O_INDEX
   value to 8
INFO:EDK:1560 - IPNAME:mpmc INSTANCE:DDR_SDRAM_0 -
   /proj/sw/Xilinx/11.1/EDK/hw/XilinxProcessorIPLib/pcores/mpmc_v5_04_a/data/mpm
   c_v2_1_0.mpd line 761 - tcl is overriding PARAMETER C_CTRL_SKIP_1_INDEX value
   to 9
INFO:EDK:1560 - IPNAME:mpmc INSTANCE:DDR_SDRAM_0 -
   /proj/sw/Xilinx/11.1/EDK/hw/XilinxProcessorIPLib/pcores/mpmc_v5_04_a/data/mpm
   c_v2_1_0.mpd line 762 - tcl is overriding PARAMETER
   C_CTRL_DP_RDFIFO_PUSH_INDEX value to 10
INFO:EDK:1560 - IPNAME:mpmc INSTANCE:DDR_SDRAM_0 -
   /proj/sw/Xilinx/11.1/EDK/hw/XilinxProcessorIPLib/pcores/mpmc_v5_04_a/data/mpm
   c_v2_1_0.mpd line 763 - tcl is overriding PARAMETER C_CTRL_SKIP_2_INDEX value
   to 11
INFO:EDK:1560 - IPNAME:mpmc INSTANCE:DDR_SDRAM_0 -
   /proj/sw/Xilinx/11.1/EDK/hw/XilinxProcessorIPLib/pcores/mpmc_v5_04_a/data/mpm
   c_v2_1_0.mpd line 764 - tcl is overriding PARAMETER
   C_CTRL_AP_COL_CNT_LOAD_INDEX value to 12
INFO:EDK:1560 - IPNAME:mpmc INSTANCE:DDR_SDRAM_0 -
   /proj/sw/Xilinx/11.1/EDK/hw/XilinxProcessorIPLib/pcores/mpmc_v5_04_a/data/mpm
   c_v2_1_0.mpd line 765 - tcl is overriding PARAMETER
   C_CTRL_AP_COL_CNT_ENABLE_INDEX value to 13
INFO:EDK:1560 - IPNAME:mpmc INSTANCE:DDR_SDRAM_0 -
   /proj/sw/Xilinx/11.1/EDK/hw/XilinxProcessorIPLib/pcores/mpmc_v5_04_a/data/mpm
   c_v2_1_0.mpd line 766 - tcl is overriding PARAMETER
   C_CTRL_AP_PRECHARGE_ADDR10_INDEX value to 14
INFO:EDK:1560 - IPNAME:mpmc INSTANCE:DDR_SDRAM_0 -
   /proj/sw/Xilinx/11.1/EDK/hw/XilinxProcessorIPLib/pcores/mpmc_v5_04_a/data/mpm
   c_v2_1_0.mpd line 767 - tcl is overriding PARAMETER
   C_CTRL_AP_ROW_COL_SEL_INDEX value to 15
INFO:EDK:1560 - IPNAME:mpmc INSTANCE:DDR_SDRAM_0 -
   /proj/sw/Xilinx/11.1/EDK/hw/XilinxProcessorIPLib/pcores/mpmc_v5_04_a/data/mpm
   c_v2_1_0.mpd line 768 - tcl is overriding PARAMETER
   C_CTRL_PHYIF_FORCE_DM_INDEX value to 16
INFO:EDK:1560 - IPNAME:mpmc INSTANCE:DDR_SDRAM_0 -
   /proj/sw/Xilinx/11.1/EDK/hw/XilinxProcessorIPLib/pcores/mpmc_v5_04_a/data/mpm
   c_v2_1_0.mpd line 769 - tcl is overriding PARAMETER C_CTRL_REPEAT4_INDEX
   value to 17
INFO:EDK:1560 - IPNAME:mpmc INSTANCE:DDR_SDRAM_0 -
   /proj/sw/Xilinx/11.1/EDK/hw/XilinxProcessorIPLib/pcores/mpmc_v5_04_a/data/mpm
   c_v2_1_0.mpd line 780 - tcl is overriding PARAMETER C_CTRL_ARB_RDMODWR_DELAY
   value to 2
INFO:EDK:1560 - IPNAME:mpmc INSTANCE:DDR_SDRAM_0 -
   /proj/sw/Xilinx/11.1/EDK/hw/XilinxProcessorIPLib/pcores/mpmc_v5_04_a/data/mpm
   c_v2_1_0.mpd line 781 - tcl is overriding PARAMETER C_CTRL_AP_COL_DELAY value
   to 1
INFO:EDK:1560 - IPNAME:mpmc INSTANCE:DDR_SDRAM_0 -
   /proj/sw/Xilinx/11.1/EDK/hw/XilinxProcessorIPLib/pcores/mpmc_v5_04_a/data/mpm
   c_v2_1_0.mpd line 785 - tcl is overriding PARAMETER
   C_CTRL_DP_LOAD_RDWDADDR_DELAY value to 2
INFO:EDK:1560 - IPNAME:mpmc INSTANCE:DDR_SDRAM_0 -
   /proj/sw/Xilinx/11.1/EDK/hw/XilinxProcessorIPLib/pcores/mpmc_v5_04_a/data/mpm
   c_v2_1_0.mpd line 786 - tcl is overriding PARAMETER
   C_CTRL_DP_RDFIFO_WHICHPORT_DELAY value to 11
INFO:EDK:1560 - IPNAME:mpmc INSTANCE:DDR_SDRAM_0 -
   /proj/sw/Xilinx/11.1/EDK/hw/XilinxProcessorIPLib/pcores/mpmc_v5_04_a/data/mpm
   c_v2_1_0.mpd line 787 - tcl is overriding PARAMETER C_CTRL_DP_SIZE_DELAY
   value to 2
INFO:EDK:1560 - IPNAME:mpmc INSTANCE:DDR_SDRAM_0 -
   /proj/sw/Xilinx/11.1/EDK/hw/XilinxProcessorIPLib/pcores/mpmc_v5_04_a/data/mpm
   c_v2_1_0.mpd line 788 - tcl is overriding PARAMETER
   C_CTRL_DP_WRFIFO_WHICHPORT_DELAY value to 3
INFO:EDK:1560 - IPNAME:mpmc INSTANCE:DDR_SDRAM_0 -
   /proj/sw/Xilinx/11.1/EDK/hw/XilinxProcessorIPLib/pcores/mpmc_v5_04_a/data/mpm
   c_v2_1_0.mpd line 789 - tcl is overriding PARAMETER
   C_CTRL_PHYIF_DUMMYREADSTART_DELAY value to 5
INFO:EDK:1560 - IPNAME:mpmc INSTANCE:DDR_SDRAM_0 -
   /proj/sw/Xilinx/11.1/EDK/hw/XilinxProcessorIPLib/pcores/mpmc_v5_04_a/data/mpm
   c_v2_1_0.mpd line 790 - tcl is overriding PARAMETER C_CTRL_Q0_DELAY value to
   1
INFO:EDK:1560 - IPNAME:mpmc INSTANCE:DDR_SDRAM_0 -
   /proj/sw/Xilinx/11.1/EDK/hw/XilinxProcessorIPLib/pcores/mpmc_v5_04_a/data/mpm
   c_v2_1_0.mpd line 791 - tcl is overriding PARAMETER C_CTRL_Q1_DELAY value to
   1
INFO:EDK:1560 - IPNAME:mpmc INSTANCE:DDR_SDRAM_0 -
   /proj/sw/Xilinx/11.1/EDK/hw/XilinxProcessorIPLib/pcores/mpmc_v5_04_a/data/mpm
   c_v2_1_0.mpd line 792 - tcl is overriding PARAMETER C_CTRL_Q2_DELAY value to
   2
INFO:EDK:1560 - IPNAME:mpmc INSTANCE:DDR_SDRAM_0 -
   /proj/sw/Xilinx/11.1/EDK/hw/XilinxProcessorIPLib/pcores/mpmc_v5_04_a/data/mpm
   c_v2_1_0.mpd line 793 - tcl is overriding PARAMETER C_CTRL_Q3_DELAY value to
   2
INFO:EDK:1560 - IPNAME:mpmc INSTANCE:DDR_SDRAM_0 -
   /proj/sw/Xilinx/11.1/EDK/hw/XilinxProcessorIPLib/pcores/mpmc_v5_04_a/data/mpm
   c_v2_1_0.mpd line 794 - tcl is overriding PARAMETER C_CTRL_Q4_DELAY value to
   2
INFO:EDK:1560 - IPNAME:mpmc INSTANCE:DDR_SDRAM_0 -
   /proj/sw/Xilinx/11.1/EDK/hw/XilinxProcessorIPLib/pcores/mpmc_v5_04_a/data/mpm
   c_v2_1_0.mpd line 796 - tcl is overriding PARAMETER C_CTRL_Q6_DELAY value to
   4
INFO:EDK:1560 - IPNAME:mpmc INSTANCE:DDR_SDRAM_0 -
   /proj/sw/Xilinx/11.1/EDK/hw/XilinxProcessorIPLib/pcores/mpmc_v5_04_a/data/mpm
   c_v2_1_0.mpd line 800 - tcl is overriding PARAMETER C_CTRL_Q10_DELAY value to
   1
INFO:EDK:1560 - IPNAME:mpmc INSTANCE:DDR_SDRAM_0 -
   /proj/sw/Xilinx/11.1/EDK/hw/XilinxProcessorIPLib/pcores/mpmc_v5_04_a/data/mpm
   c_v2_1_0.mpd line 802 - tcl is overriding PARAMETER C_CTRL_Q12_DELAY value to
   1
INFO:EDK:1560 - IPNAME:mpmc INSTANCE:DDR_SDRAM_0 -
   /proj/sw/Xilinx/11.1/EDK/hw/XilinxProcessorIPLib/pcores/mpmc_v5_04_a/data/mpm
   c_v2_1_0.mpd line 803 - tcl is overriding PARAMETER C_CTRL_Q13_DELAY value to
   1
INFO:EDK:1560 - IPNAME:mpmc INSTANCE:DDR_SDRAM_0 -
   /proj/sw/Xilinx/11.1/EDK/hw/XilinxProcessorIPLib/pcores/mpmc_v5_04_a/data/mpm
   c_v2_1_0.mpd line 804 - tcl is overriding PARAMETER C_CTRL_Q14_DELAY value to
   1
INFO:EDK:1560 - IPNAME:mpmc INSTANCE:DDR_SDRAM_0 -
   /proj/sw/Xilinx/11.1/EDK/hw/XilinxProcessorIPLib/pcores/mpmc_v5_04_a/data/mpm
   c_v2_1_0.mpd line 805 - tcl is overriding PARAMETER C_CTRL_Q15_DELAY value to
   1
INFO:EDK:1560 - IPNAME:mpmc INSTANCE:DDR_SDRAM_0 -
   /proj/sw/Xilinx/11.1/EDK/hw/XilinxProcessorIPLib/pcores/mpmc_v5_04_a/data/mpm
   c_v2_1_0.mpd line 807 - tcl is overriding PARAMETER C_CTRL_Q17_DELAY value to
   1
INFO:EDK:1560 - IPNAME:mpmc INSTANCE:DDR_SDRAM_0 -
   /proj/sw/Xilinx/11.1/EDK/hw/XilinxProcessorIPLib/pcores/mpmc_v5_04_a/data/mpm
   c_v2_1_0.mpd line 826 - tcl is overriding PARAMETER C_SKIP_1_VALUE value to
   0x00f
INFO:EDK:1560 - IPNAME:mpmc INSTANCE:DDR_SDRAM_0 -
   /proj/sw/Xilinx/11.1/EDK/hw/XilinxProcessorIPLib/pcores/mpmc_v5_04_a/data/mpm
   c_v2_1_0.mpd line 827 - tcl is overriding PARAMETER C_SKIP_2_VALUE value to
   0x00f
INFO:EDK:1560 - IPNAME:mpmc INSTANCE:DDR_SDRAM_0 -
   /proj/sw/Xilinx/11.1/EDK/hw/XilinxProcessorIPLib/pcores/mpmc_v5_04_a/data/mpm
   c_v2_1_0.mpd line 828 - tcl is overriding PARAMETER C_SKIP_3_VALUE value to
   0x00f
INFO:EDK:1560 - IPNAME:mpmc INSTANCE:DDR_SDRAM_0 -
   /proj/sw/Xilinx/11.1/EDK/hw/XilinxProcessorIPLib/pcores/mpmc_v5_04_a/data/mpm
   c_v2_1_0.mpd line 829 - tcl is overriding PARAMETER C_SKIP_4_VALUE value to
   0x00f
INFO:EDK:1560 - IPNAME:mpmc INSTANCE:DDR_SDRAM_0 -
   /proj/sw/Xilinx/11.1/EDK/hw/XilinxProcessorIPLib/pcores/mpmc_v5_04_a/data/mpm
   c_v2_1_0.mpd line 830 - tcl is overriding PARAMETER C_SKIP_5_VALUE value to
   0x00f
INFO:EDK:1560 - IPNAME:mpmc INSTANCE:DDR_SDRAM_0 -
   /proj/sw/Xilinx/11.1/EDK/hw/XilinxProcessorIPLib/pcores/mpmc_v5_04_a/data/mpm
   c_v2_1_0.mpd line 831 - tcl is overriding PARAMETER C_SKIP_6_VALUE value to
   0x00f
INFO:EDK:1560 - IPNAME:mpmc INSTANCE:DDR_SDRAM_0 -
   /proj/sw/Xilinx/11.1/EDK/hw/XilinxProcessorIPLib/pcores/mpmc_v5_04_a/data/mpm
   c_v2_1_0.mpd line 832 - tcl is overriding PARAMETER C_SKIP_7_VALUE value to
   0x00f
INFO:EDK:1560 - IPNAME:mpmc INSTANCE:DDR_SDRAM_0 -
   /proj/sw/Xilinx/11.1/EDK/hw/XilinxProcessorIPLib/pcores/mpmc_v5_04_a/data/mpm
   c_v2_1_0.mpd line 834 - tcl is overriding PARAMETER C_B32_REPEAT_CNT value to
   2
INFO:EDK:1560 - IPNAME:mpmc INSTANCE:DDR_SDRAM_0 -
   /proj/sw/Xilinx/11.1/EDK/hw/XilinxProcessorIPLib/pcores/mpmc_v5_04_a/data/mpm
   c_v2_1_0.mpd line 835 - tcl is overriding PARAMETER C_B64_REPEAT_CNT value to
   6
INFO:EDK:1560 - IPNAME:mpmc INSTANCE:DDR_SDRAM_0 -
   /proj/sw/Xilinx/11.1/EDK/hw/XilinxProcessorIPLib/pcores/mpmc_v5_04_a/data/mpm
   c_v2_1_0.mpd line 837 - tcl is overriding PARAMETER C_HIGHADDR_CTRL0 value to
   0x017
INFO:EDK:1560 - IPNAME:mpmc INSTANCE:DDR_SDRAM_0 -
   /proj/sw/Xilinx/11.1/EDK/hw/XilinxProcessorIPLib/pcores/mpmc_v5_04_a/data/mpm
   c_v2_1_0.mpd line 838 - tcl is overriding PARAMETER C_BASEADDR_CTRL1 value to
   0x018
INFO:EDK:1560 - IPNAME:mpmc INSTANCE:DDR_SDRAM_0 -
   /proj/sw/Xilinx/11.1/EDK/hw/XilinxProcessorIPLib/pcores/mpmc_v5_04_a/data/mpm
   c_v2_1_0.mpd line 839 - tcl is overriding PARAMETER C_HIGHADDR_CTRL1 value to
   0x01f
INFO:EDK:1560 - IPNAME:mpmc INSTANCE:DDR_SDRAM_0 -
   /proj/sw/Xilinx/11.1/EDK/hw/XilinxProcessorIPLib/pcores/mpmc_v5_04_a/data/mpm
   c_v2_1_0.mpd line 840 - tcl is overriding PARAMETER C_BASEADDR_CTRL2 value to
   0x020
INFO:EDK:1560 - IPNAME:mpmc INSTANCE:DDR_SDRAM_0 -
   /proj/sw/Xilinx/11.1/EDK/hw/XilinxProcessorIPLib/pcores/mpmc_v5_04_a/data/mpm
   c_v2_1_0.mpd line 841 - tcl is overriding PARAMETER C_HIGHADDR_CTRL2 value to
   0x037
INFO:EDK:1560 - IPNAME:mpmc INSTANCE:DDR_SDRAM_0 -
   /proj/sw/Xilinx/11.1/EDK/hw/XilinxProcessorIPLib/pcores/mpmc_v5_04_a/data/mpm
   c_v2_1_0.mpd line 842 - tcl is overriding PARAMETER C_BASEADDR_CTRL3 value to
   0x038
INFO:EDK:1560 - IPNAME:mpmc INSTANCE:DDR_SDRAM_0 -
   /proj/sw/Xilinx/11.1/EDK/hw/XilinxProcessorIPLib/pcores/mpmc_v5_04_a/data/mpm
   c_v2_1_0.mpd line 843 - tcl is overriding PARAMETER C_HIGHADDR_CTRL3 value to
   0x03f
INFO:EDK:1560 - IPNAME:mpmc INSTANCE:DDR_SDRAM_0 -
   /proj/sw/Xilinx/11.1/EDK/hw/XilinxProcessorIPLib/pcores/mpmc_v5_04_a/data/mpm
   c_v2_1_0.mpd line 844 - tcl is overriding PARAMETER C_BASEADDR_CTRL4 value to
   0x040
INFO:EDK:1560 - IPNAME:mpmc INSTANCE:DDR_SDRAM_0 -
   /proj/sw/Xilinx/11.1/EDK/hw/XilinxProcessorIPLib/pcores/mpmc_v5_04_a/data/mpm
   c_v2_1_0.mpd line 845 - tcl is overriding PARAMETER C_HIGHADDR_CTRL4 value to
   0x057
INFO:EDK:1560 - IPNAME:mpmc INSTANCE:DDR_SDRAM_0 -
   /proj/sw/Xilinx/11.1/EDK/hw/XilinxProcessorIPLib/pcores/mpmc_v5_04_a/data/mpm
   c_v2_1_0.mpd line 846 - tcl is overriding PARAMETER C_BASEADDR_CTRL5 value to
   0x058
INFO:EDK:1560 - IPNAME:mpmc INSTANCE:DDR_SDRAM_0 -
   /proj/sw/Xilinx/11.1/EDK/hw/XilinxProcessorIPLib/pcores/mpmc_v5_04_a/data/mpm
   c_v2_1_0.mpd line 847 - tcl is overriding PARAMETER C_HIGHADDR_CTRL5 value to
   0x05f
INFO:EDK:1560 - IPNAME:mpmc INSTANCE:DDR_SDRAM_0 -
   /proj/sw/Xilinx/11.1/EDK/hw/XilinxProcessorIPLib/pcores/mpmc_v5_04_a/data/mpm
   c_v2_1_0.mpd line 848 - tcl is overriding PARAMETER C_BASEADDR_CTRL6 value to
   0x060
INFO:EDK:1560 - IPNAME:mpmc INSTANCE:DDR_SDRAM_0 -
   /proj/sw/Xilinx/11.1/EDK/hw/XilinxProcessorIPLib/pcores/mpmc_v5_04_a/data/mpm
   c_v2_1_0.mpd line 849 - tcl is overriding PARAMETER C_HIGHADDR_CTRL6 value to
   0x079
INFO:EDK:1560 - IPNAME:mpmc INSTANCE:DDR_SDRAM_0 -
   /proj/sw/Xilinx/11.1/EDK/hw/XilinxProcessorIPLib/pcores/mpmc_v5_04_a/data/mpm
   c_v2_1_0.mpd line 850 - tcl is overriding PARAMETER C_BASEADDR_CTRL7 value to
   0x07a
INFO:EDK:1560 - IPNAME:mpmc INSTANCE:DDR_SDRAM_0 -
   /proj/sw/Xilinx/11.1/EDK/hw/XilinxProcessorIPLib/pcores/mpmc_v5_04_a/data/mpm
   c_v2_1_0.mpd line 851 - tcl is overriding PARAMETER C_HIGHADDR_CTRL7 value to
   0x081
INFO:EDK:1560 - IPNAME:mpmc INSTANCE:DDR_SDRAM_0 -
   /proj/sw/Xilinx/11.1/EDK/hw/XilinxProcessorIPLib/pcores/mpmc_v5_04_a/data/mpm
   c_v2_1_0.mpd line 852 - tcl is overriding PARAMETER C_BASEADDR_CTRL8 value to
   0x082
INFO:EDK:1560 - IPNAME:mpmc INSTANCE:DDR_SDRAM_0 -
   /proj/sw/Xilinx/11.1/EDK/hw/XilinxProcessorIPLib/pcores/mpmc_v5_04_a/data/mpm
   c_v2_1_0.mpd line 853 - tcl is overriding PARAMETER C_HIGHADDR_CTRL8 value to
   0x09f
INFO:EDK:1560 - IPNAME:mpmc INSTANCE:DDR_SDRAM_0 -
   /proj/sw/Xilinx/11.1/EDK/hw/XilinxProcessorIPLib/pcores/mpmc_v5_04_a/data/mpm
   c_v2_1_0.mpd line 854 - tcl is overriding PARAMETER C_BASEADDR_CTRL9 value to
   0x0a0
INFO:EDK:1560 - IPNAME:mpmc INSTANCE:DDR_SDRAM_0 -
   /proj/sw/Xilinx/11.1/EDK/hw/XilinxProcessorIPLib/pcores/mpmc_v5_04_a/data/mpm
   c_v2_1_0.mpd line 855 - tcl is overriding PARAMETER C_HIGHADDR_CTRL9 value to
   0x0ab
INFO:EDK:1560 - IPNAME:mpmc INSTANCE:DDR_SDRAM_0 -
   /proj/sw/Xilinx/11.1/EDK/hw/XilinxProcessorIPLib/pcores/mpmc_v5_04_a/data/mpm
   c_v2_1_0.mpd line 856 - tcl is overriding PARAMETER C_BASEADDR_CTRL10 value
   to 0x0ac
INFO:EDK:1560 - IPNAME:mpmc INSTANCE:DDR_SDRAM_0 -
   /proj/sw/Xilinx/11.1/EDK/hw/XilinxProcessorIPLib/pcores/mpmc_v5_04_a/data/mpm
   c_v2_1_0.mpd line 857 - tcl is overriding PARAMETER C_HIGHADDR_CTRL10 value
   to 0x0c9
INFO:EDK:1560 - IPNAME:mpmc INSTANCE:DDR_SDRAM_0 -
   /proj/sw/Xilinx/11.1/EDK/hw/XilinxProcessorIPLib/pcores/mpmc_v5_04_a/data/mpm
   c_v2_1_0.mpd line 858 - tcl is overriding PARAMETER C_BASEADDR_CTRL11 value
   to 0x0ca
INFO:EDK:1560 - IPNAME:mpmc INSTANCE:DDR_SDRAM_0 -
   /proj/sw/Xilinx/11.1/EDK/hw/XilinxProcessorIPLib/pcores/mpmc_v5_04_a/data/mpm
   c_v2_1_0.mpd line 859 - tcl is overriding PARAMETER C_HIGHADDR_CTRL11 value
   to 0x0d5
INFO:EDK:1560 - IPNAME:mpmc INSTANCE:DDR_SDRAM_0 -
   /proj/sw/Xilinx/11.1/EDK/hw/XilinxProcessorIPLib/pcores/mpmc_v5_04_a/data/mpm
   c_v2_1_0.mpd line 860 - tcl is overriding PARAMETER C_BASEADDR_CTRL12 value
   to 0x0d6
INFO:EDK:1560 - IPNAME:mpmc INSTANCE:DDR_SDRAM_0 -
   /proj/sw/Xilinx/11.1/EDK/hw/XilinxProcessorIPLib/pcores/mpmc_v5_04_a/data/mpm
   c_v2_1_0.mpd line 861 - tcl is overriding PARAMETER C_HIGHADDR_CTRL12 value
   to 0x0f3
INFO:EDK:1560 - IPNAME:mpmc INSTANCE:DDR_SDRAM_0 -
   /proj/sw/Xilinx/11.1/EDK/hw/XilinxProcessorIPLib/pcores/mpmc_v5_04_a/data/mpm
   c_v2_1_0.mpd line 862 - tcl is overriding PARAMETER C_BASEADDR_CTRL13 value
   to 0x0f4
INFO:EDK:1560 - IPNAME:mpmc INSTANCE:DDR_SDRAM_0 -
   /proj/sw/Xilinx/11.1/EDK/hw/XilinxProcessorIPLib/pcores/mpmc_v5_04_a/data/mpm
   c_v2_1_0.mpd line 863 - tcl is overriding PARAMETER C_HIGHADDR_CTRL13 value
   to 0x0ff
INFO:EDK:1560 - IPNAME:mpmc INSTANCE:DDR_SDRAM_0 -
   /proj/sw/Xilinx/11.1/EDK/hw/XilinxProcessorIPLib/pcores/mpmc_v5_04_a/data/mpm
   c_v2_1_0.mpd line 864 - tcl is overriding PARAMETER C_BASEADDR_CTRL14 value
   to 0x100
INFO:EDK:1560 - IPNAME:mpmc INSTANCE:DDR_SDRAM_0 -
   /proj/sw/Xilinx/11.1/EDK/hw/XilinxProcessorIPLib/pcores/mpmc_v5_04_a/data/mpm
   c_v2_1_0.mpd line 865 - tcl is overriding PARAMETER C_HIGHADDR_CTRL14 value
   to 0x110
INFO:EDK:1560 - IPNAME:mpmc INSTANCE:DDR_SDRAM_0 -
   /proj/sw/Xilinx/11.1/EDK/hw/XilinxProcessorIPLib/pcores/mpmc_v5_04_a/data/mpm
   c_v2_1_0.mpd line 866 - tcl is overriding PARAMETER C_BASEADDR_CTRL15 value
   to 0x111
INFO:EDK:1560 - IPNAME:mpmc INSTANCE:DDR_SDRAM_0 -
   /proj/sw/Xilinx/11.1/EDK/hw/XilinxProcessorIPLib/pcores/mpmc_v5_04_a/data/mpm
   c_v2_1_0.mpd line 867 - tcl is overriding PARAMETER C_HIGHADDR_CTRL15 value
   to 0x112
INFO:EDK:1560 - IPNAME:mpmc INSTANCE:DDR_SDRAM_0 -
   /proj/sw/Xilinx/11.1/EDK/hw/XilinxProcessorIPLib/pcores/mpmc_v5_04_a/data/mpm
   c_v2_1_0.mpd line 897 - tcl is overriding PARAMETER C_CTRL_BRAM_INIT_22 value
   to 0x000002FC000002FC000002FC000002FC000002FC0000001C0000001C0000001C
INFO:EDK:1560 - IPNAME:mpmc INSTANCE:DDR_SDRAM_0 -
   /proj/sw/Xilinx/11.1/EDK/hw/XilinxProcessorIPLib/pcores/mpmc_v5_04_a/data/mpm
   c_v2_1_0.mpd line 898 - tcl is overriding PARAMETER C_CTRL_BRAM_INIT_21 value
   to 0x0000001C0000001C0000001C0000001C0000001D0000001C0000001C0000001C
INFO:EDK:1560 - IPNAME:mpmc INSTANCE:DDR_SDRAM_0 -
   /proj/sw/Xilinx/11.1/EDK/hw/XilinxProcessorIPLib/pcores/mpmc_v5_04_a/data/mpm
   c_v2_1_0.mpd line 899 - tcl is overriding PARAMETER C_CTRL_BRAM_INIT_20 value
   to 0x0000001C0000001C0000001C0000001C0000001C000000100000001C00004008
INFO:EDK:1560 - IPNAME:mpmc INSTANCE:DDR_SDRAM_0 -
   /proj/sw/Xilinx/11.1/EDK/hw/XilinxProcessorIPLib/pcores/mpmc_v5_04_a/data/mpm
   c_v2_1_0.mpd line 900 - tcl is overriding PARAMETER C_CTRL_BRAM_INIT_1F value
   to 0x0000001C000040080000041C000024140000041C000024150000041C00002414
INFO:EDK:1560 - IPNAME:mpmc INSTANCE:DDR_SDRAM_0 -
   /proj/sw/Xilinx/11.1/EDK/hw/XilinxProcessorIPLib/pcores/mpmc_v5_04_a/data/mpm
   c_v2_1_0.mpd line 901 - tcl is overriding PARAMETER C_CTRL_BRAM_INIT_1E value
   to 0x0002041C000024140000101C000080180000001E0000005E0000404A0000005E
INFO:EDK:1560 - IPNAME:mpmc INSTANCE:DDR_SDRAM_0 -
   /proj/sw/Xilinx/11.1/EDK/hw/XilinxProcessorIPLib/pcores/mpmc_v5_04_a/data/mpm
   c_v2_1_0.mpd line 902 - tcl is overriding PARAMETER C_CTRL_BRAM_INIT_1D value
   to 0x0000005E0000205F0000005E000020460000015E000021460000015E00002146
INFO:EDK:1560 - IPNAME:mpmc INSTANCE:DDR_SDRAM_0 -
   /proj/sw/Xilinx/11.1/EDK/hw/XilinxProcessorIPLib/pcores/mpmc_v5_04_a/data/mpm
   c_v2_1_0.mpd line 903 - tcl is overriding PARAMETER C_CTRL_BRAM_INIT_1C value
   to 0x0002015E000021460000115E0000015E0000005E0000005E0000005E0000005E
INFO:EDK:1560 - IPNAME:mpmc INSTANCE:DDR_SDRAM_0 -
   /proj/sw/Xilinx/11.1/EDK/hw/XilinxProcessorIPLib/pcores/mpmc_v5_04_a/data/mpm
   c_v2_1_0.mpd line 904 - tcl is overriding PARAMETER C_CTRL_BRAM_INIT_1B value
   to 0x0000045E000024560000045E000024560000045E000024560002045E00002456
INFO:EDK:1560 - IPNAME:mpmc INSTANCE:DDR_SDRAM_0 -
   /proj/sw/Xilinx/11.1/EDK/hw/XilinxProcessorIPLib/pcores/mpmc_v5_04_a/data/mpm
   c_v2_1_0.mpd line 905 - tcl is overriding PARAMETER C_CTRL_BRAM_INIT_1A value
   to 0x0000105E00008A9A0000001C000040080000041C000024140000041C00002415
INFO:EDK:1560 - IPNAME:mpmc INSTANCE:DDR_SDRAM_0 -
   /proj/sw/Xilinx/11.1/EDK/hw/XilinxProcessorIPLib/pcores/mpmc_v5_04_a/data/mpm
   c_v2_1_0.mpd line 906 - tcl is overriding PARAMETER C_CTRL_BRAM_INIT_19 value
   to 0x0000041C000024140002041C000024140000101C000080180000001E0000005E
INFO:EDK:1560 - IPNAME:mpmc INSTANCE:DDR_SDRAM_0 -
   /proj/sw/Xilinx/11.1/EDK/hw/XilinxProcessorIPLib/pcores/mpmc_v5_04_a/data/mpm
   c_v2_1_0.mpd line 907 - tcl is overriding PARAMETER C_CTRL_BRAM_INIT_18 value
   to 0x0000404A0000005E0000005E0000205F0000005E000020460000015E00002146
INFO:EDK:1560 - IPNAME:mpmc INSTANCE:DDR_SDRAM_0 -
   /proj/sw/Xilinx/11.1/EDK/hw/XilinxProcessorIPLib/pcores/mpmc_v5_04_a/data/mpm
   c_v2_1_0.mpd line 908 - tcl is overriding PARAMETER C_CTRL_BRAM_INIT_17 value
   to 0x0000015E000021460002015E000021460000115E0000015E0000005E0000005E
INFO:EDK:1560 - IPNAME:mpmc INSTANCE:DDR_SDRAM_0 -
   /proj/sw/Xilinx/11.1/EDK/hw/XilinxProcessorIPLib/pcores/mpmc_v5_04_a/data/mpm
   c_v2_1_0.mpd line 909 - tcl is overriding PARAMETER C_CTRL_BRAM_INIT_16 value
   to 0x0000005E0000005E0000045E000024560000045E000024560000045E00002456
INFO:EDK:1560 - IPNAME:mpmc INSTANCE:DDR_SDRAM_0 -
   /proj/sw/Xilinx/11.1/EDK/hw/XilinxProcessorIPLib/pcores/mpmc_v5_04_a/data/mpm
   c_v2_1_0.mpd line 910 - tcl is overriding PARAMETER C_CTRL_BRAM_INIT_15 value
   to 0x0002045E000024560000105E00008A1A0000001C000040080000041C00002414
INFO:EDK:1560 - IPNAME:mpmc INSTANCE:DDR_SDRAM_0 -
   /proj/sw/Xilinx/11.1/EDK/hw/XilinxProcessorIPLib/pcores/mpmc_v5_04_a/data/mpm
   c_v2_1_0.mpd line 911 - tcl is overriding PARAMETER C_CTRL_BRAM_INIT_14 value
   to 0x0000041C000024150000041C000024140000041C000024140000101C00008018
INFO:EDK:1560 - IPNAME:mpmc INSTANCE:DDR_SDRAM_0 -
   /proj/sw/Xilinx/11.1/EDK/hw/XilinxProcessorIPLib/pcores/mpmc_v5_04_a/data/mpm
   c_v2_1_0.mpd line 912 - tcl is overriding PARAMETER C_CTRL_BRAM_INIT_13 value
   to 0x0000001E0000005E0000404A0000005E0000005E0000205F0000005E00002046
INFO:EDK:1560 - IPNAME:mpmc INSTANCE:DDR_SDRAM_0 -
   /proj/sw/Xilinx/11.1/EDK/hw/XilinxProcessorIPLib/pcores/mpmc_v5_04_a/data/mpm
   c_v2_1_0.mpd line 913 - tcl is overriding PARAMETER C_CTRL_BRAM_INIT_12 value
   to 0x0000015E000021460000015E000021460000015E000021460000115E0000015E
INFO:EDK:1560 - IPNAME:mpmc INSTANCE:DDR_SDRAM_0 -
   /proj/sw/Xilinx/11.1/EDK/hw/XilinxProcessorIPLib/pcores/mpmc_v5_04_a/data/mpm
   c_v2_1_0.mpd line 914 - tcl is overriding PARAMETER C_CTRL_BRAM_INIT_11 value
   to 0x0000005E0000005E0000005E0000005E0000045E000024560000045E00002456
INFO:EDK:1560 - IPNAME:mpmc INSTANCE:DDR_SDRAM_0 -
   /proj/sw/Xilinx/11.1/EDK/hw/XilinxProcessorIPLib/pcores/mpmc_v5_04_a/data/mpm
   c_v2_1_0.mpd line 915 - tcl is overriding PARAMETER C_CTRL_BRAM_INIT_10 value
   to 0x0000045E000024560000045E000024560000105E0000889A0000001C00004008
INFO:EDK:1560 - IPNAME:mpmc INSTANCE:DDR_SDRAM_0 -
   /proj/sw/Xilinx/11.1/EDK/hw/XilinxProcessorIPLib/pcores/mpmc_v5_04_a/data/mpm
   c_v2_1_0.mpd line 916 - tcl is overriding PARAMETER C_CTRL_BRAM_INIT_0F value
   to 0x0000041C000024140000041C000024150000101C000080180000001E0000005E
INFO:EDK:1560 - IPNAME:mpmc INSTANCE:DDR_SDRAM_0 -
   /proj/sw/Xilinx/11.1/EDK/hw/XilinxProcessorIPLib/pcores/mpmc_v5_04_a/data/mpm
   c_v2_1_0.mpd line 917 - tcl is overriding PARAMETER C_CTRL_BRAM_INIT_0E value
   to 0x0000404A0000005E0000005E0000205F0000005E000020460000015E00002146
INFO:EDK:1560 - IPNAME:mpmc INSTANCE:DDR_SDRAM_0 -
   /proj/sw/Xilinx/11.1/EDK/hw/XilinxProcessorIPLib/pcores/mpmc_v5_04_a/data/mpm
   c_v2_1_0.mpd line 918 - tcl is overriding PARAMETER C_CTRL_BRAM_INIT_0D value
   to 0x0000115E0000015E0000005E0000005E0000005E0000005E0000005E0000005E
INFO:EDK:1560 - IPNAME:mpmc INSTANCE:DDR_SDRAM_0 -
   /proj/sw/Xilinx/11.1/EDK/hw/XilinxProcessorIPLib/pcores/mpmc_v5_04_a/data/mpm
   c_v2_1_0.mpd line 919 - tcl is overriding PARAMETER C_CTRL_BRAM_INIT_0C value
   to 0x0000005E0000005E0000045E000024560000045E000024560000105E0000881A
INFO:EDK:1560 - IPNAME:mpmc INSTANCE:DDR_SDRAM_0 -
   /proj/sw/Xilinx/11.1/EDK/hw/XilinxProcessorIPLib/pcores/mpmc_v5_04_a/data/mpm
   c_v2_1_0.mpd line 920 - tcl is overriding PARAMETER C_CTRL_BRAM_INIT_0B value
   to 0x0000001C000040080000001C0000001C0000041C000024150000101C00008018
INFO:EDK:1560 - IPNAME:mpmc INSTANCE:DDR_SDRAM_0 -
   /proj/sw/Xilinx/11.1/EDK/hw/XilinxProcessorIPLib/pcores/mpmc_v5_04_a/data/mpm
   c_v2_1_0.mpd line 921 - tcl is overriding PARAMETER C_CTRL_BRAM_INIT_0A value
   to 0x0000001E0000005E0000404A0000005E0000005E0000205F0000005E00002046
INFO:EDK:1560 - IPNAME:mpmc INSTANCE:DDR_SDRAM_0 -
   /proj/sw/Xilinx/11.1/EDK/hw/XilinxProcessorIPLib/pcores/mpmc_v5_04_a/data/mpm
   c_v2_1_0.mpd line 922 - tcl is overriding PARAMETER C_CTRL_BRAM_INIT_09 value
   to 0x0000115E0000015E0000005E0000005E0000005E0000005E0000005E0000005E
INFO:EDK:1560 - IPNAME:mpmc INSTANCE:DDR_SDRAM_0 -
   /proj/sw/Xilinx/11.1/EDK/hw/XilinxProcessorIPLib/pcores/mpmc_v5_04_a/data/mpm
   c_v2_1_0.mpd line 923 - tcl is overriding PARAMETER C_CTRL_BRAM_INIT_08 value
   to 0x0000005E0000005E0000005E0000005E0000045E000024560000105E0000829A
INFO:EDK:1560 - IPNAME:mpmc INSTANCE:DDR_SDRAM_0 -
   /proj/sw/Xilinx/11.1/EDK/hw/XilinxProcessorIPLib/pcores/mpmc_v5_04_a/data/mpm
   c_v2_1_0.mpd line 924 - tcl is overriding PARAMETER C_CTRL_BRAM_INIT_07 value
   to 0x0000001C000040080000001C0000001C0000001C000024150000101C00008018
INFO:EDK:1560 - IPNAME:mpmc INSTANCE:DDR_SDRAM_0 -
   /proj/sw/Xilinx/11.1/EDK/hw/XilinxProcessorIPLib/pcores/mpmc_v5_04_a/data/mpm
   c_v2_1_0.mpd line 925 - tcl is overriding PARAMETER C_CTRL_BRAM_INIT_06 value
   to 0x0000001E0000005E0000404A0000005E0000005E0000005F0000005E00002046
INFO:EDK:1560 - IPNAME:mpmc INSTANCE:DDR_SDRAM_0 -
   /proj/sw/Xilinx/11.1/EDK/hw/XilinxProcessorIPLib/pcores/mpmc_v5_04_a/data/mpm
   c_v2_1_0.mpd line 926 - tcl is overriding PARAMETER C_CTRL_BRAM_INIT_05 value
   to 0x0000115E0001015E0000005E0000005E0000005E0000005E0000005E0000005E
INFO:EDK:1560 - IPNAME:mpmc INSTANCE:DDR_SDRAM_0 -
   /proj/sw/Xilinx/11.1/EDK/hw/XilinxProcessorIPLib/pcores/mpmc_v5_04_a/data/mpm
   c_v2_1_0.mpd line 927 - tcl is overriding PARAMETER C_CTRL_BRAM_INIT_04 value
   to 0x0000005E0000005E0000005E0000005E0000045E000024560000105E0000821A
INFO:EDK:1560 - IPNAME:mpmc INSTANCE:DDR_SDRAM_0 -
   /proj/sw/Xilinx/11.1/EDK/hw/XilinxProcessorIPLib/pcores/mpmc_v5_04_a/data/mpm
   c_v2_1_0.mpd line 928 - tcl is overriding PARAMETER C_CTRL_BRAM_INIT_03 value
   to 0x0000001C000040080000001C0000001C0000001C000024150000101C00008018
INFO:EDK:1560 - IPNAME:mpmc INSTANCE:DDR_SDRAM_0 -
   /proj/sw/Xilinx/11.1/EDK/hw/XilinxProcessorIPLib/pcores/mpmc_v5_04_a/data/mpm
   c_v2_1_0.mpd line 929 - tcl is overriding PARAMETER C_CTRL_BRAM_INIT_02 value
   to 0x0000001E0000005E0000404A0000005E0000005E0000005F0000005E00002046
INFO:EDK:1560 - IPNAME:mpmc INSTANCE:DDR_SDRAM_0 -
   /proj/sw/Xilinx/11.1/EDK/hw/XilinxProcessorIPLib/pcores/mpmc_v5_04_a/data/mpm
   c_v2_1_0.mpd line 930 - tcl is overriding PARAMETER C_CTRL_BRAM_INIT_01 value
   to 0x0000115E0001015E0000005E0000005E0000005E0000005E0000005E0000005E
INFO:EDK:1560 - IPNAME:mpmc INSTANCE:DDR_SDRAM_0 -
   /proj/sw/Xilinx/11.1/EDK/hw/XilinxProcessorIPLib/pcores/mpmc_v5_04_a/data/mpm
   c_v2_1_0.mpd line 931 - tcl is overriding PARAMETER C_CTRL_BRAM_INIT_00 value
   to 0x0000005E0000005E0000005E0000005E0000045E000024560000105E0000809A
INFO:EDK:1560 - IPNAME:mpmc INSTANCE:DDR_SDRAM_0 -
   /proj/sw/Xilinx/11.1/EDK/hw/XilinxProcessorIPLib/pcores/mpmc_v5_04_a/data/mpm
   c_v2_1_0.mpd line 937 - tcl is overriding PARAMETER C_CTRL_BRAM_INITP_03
   value to 0x0000000000000000000000000000000000000000000000000000000000000000
INFO:EDK:1560 - IPNAME:mpmc INSTANCE:DDR_SDRAM_0 -
   /proj/sw/Xilinx/11.1/EDK/hw/XilinxProcessorIPLib/pcores/mpmc_v5_04_a/data/mpm
   c_v2_1_0.mpd line 938 - tcl is overriding PARAMETER C_CTRL_BRAM_INITP_02
   value to 0x0000000000000000000000000000000000000000000000000000000000000000
INFO:EDK:1560 - IPNAME:mpmc INSTANCE:DDR_SDRAM_0 -
   /proj/sw/Xilinx/11.1/EDK/hw/XilinxProcessorIPLib/pcores/mpmc_v5_04_a/data/mpm
   c_v2_1_0.mpd line 939 - tcl is overriding PARAMETER C_CTRL_BRAM_INITP_01
   value to 0x0000000000000000000000000000000000000000000000000000000000000000
INFO:EDK:1560 - IPNAME:mpmc INSTANCE:DDR_SDRAM_0 -
   /proj/sw/Xilinx/11.1/EDK/hw/XilinxProcessorIPLib/pcores/mpmc_v5_04_a/data/mpm
   c_v2_1_0.mpd line 940 - tcl is overriding PARAMETER C_CTRL_BRAM_INITP_00
   value to 0x0000000000000000000000000000000000000000000000000000000000000000

Running system level update procedures...

Running UPDATE Tcl procedures for OPTION SYSLEVEL_UPDATE_PROC...

Running system level DRCs...

Performing System level DRCs on properties...

Running DRC Tcl procedures for OPTION SYSLEVEL_DRC_PROC...

WARNING:  xps_sysmon_adc_0 (xps_sysmon_adc) - Interrupt control logic is
included, but IP2INTC_Irpt port not connected.


Running UPDATE Tcl procedures for OPTION PLATGEN_SYSLEVEL_UPDATE_PROC...
INFO: The Hard_Ethernet_MAC core has constraints automatically generated by XPS
in implementation/hard_ethernet_mac_wrapper/hard_ethernet_mac_wrapper.ucf.
It can be overridden by constraints placed in the system.ucf file.

INFO: The DDR_SDRAM_0 core has constraints automatically generated by XPS in
implementation/ddr_sdram_0_wrapper/ddr_sdram_0_wrapper.ucf.
It can be overridden by constraints placed in the system.ucf file.


Modify defaults ...

Creating stub ...

Processing licensed instances ...
Completion time: 0.00 seconds

Creating hardware output directories ...

Managing hardware (BBD-specified) netlist files ...
IPNAME:qmfir INSTANCE:qmfir_0 -
/proj/users/hmnguyen/qmfir_digital_filter_cores/qmfir_eth/qmfir_udp/EDK_project/
system.mhs line 267 - Copying (BBD-specified) netlist files.

Managing cache ...
IPNAME:xps_timer INSTANCE:xps_timer_0 -
/proj/users/hmnguyen/qmfir_digital_filter_cores/qmfir_eth/qmfir_udp/EDK_project/
system.mhs line 58 - Copying cache implementation netlist
IPNAME:xps_sysmon_adc INSTANCE:xps_sysmon_adc_0 -
/proj/users/hmnguyen/qmfir_digital_filter_cores/qmfir_eth/qmfir_udp/EDK_project/
system.mhs line 69 - Copying cache implementation netlist
IPNAME:xps_intc INSTANCE:xps_intc_0 -
/proj/users/hmnguyen/qmfir_digital_filter_cores/qmfir_eth/qmfir_udp/EDK_project/
system.mhs line 78 - Copying cache implementation netlist
IPNAME:bram_block INSTANCE:xps_bram_if_cntlr_0_bram -
/proj/users/hmnguyen/qmfir_digital_filter_cores/qmfir_eth/qmfir_udp/EDK_project/
system.mhs line 88 - Copying cache implementation netlist
IPNAME:xps_bram_if_cntlr INSTANCE:xps_bram_if_cntlr_0 -
/proj/users/hmnguyen/qmfir_digital_filter_cores/qmfir_eth/qmfir_udp/EDK_project/
system.mhs line 94 - Copying cache implementation netlist
IPNAME:proc_sys_reset INSTANCE:proc_sys_reset_0 -
/proj/users/hmnguyen/qmfir_digital_filter_cores/qmfir_eth/qmfir_udp/EDK_project/
system.mhs line 106 - Copying cache implementation netlist
IPNAME:ppc440_virtex5 INSTANCE:ppc440_0 -
/proj/users/hmnguyen/qmfir_digital_filter_cores/qmfir_eth/qmfir_udp/EDK_project/
system.mhs line 118 - Copying cache implementation netlist
IPNAME:plb_v46 INSTANCE:plb_v46_0 -
/proj/users/hmnguyen/qmfir_digital_filter_cores/qmfir_eth/qmfir_udp/EDK_project/
system.mhs line 136 - Copying cache implementation netlist
IPNAME:jtagppc_cntlr INSTANCE:jtagppc_cntlr_inst -
/proj/users/hmnguyen/qmfir_digital_filter_cores/qmfir_eth/qmfir_udp/EDK_project/
system.mhs line 144 - Copying cache implementation netlist
IPNAME:clock_generator INSTANCE:clock_generator_0 -
/proj/users/hmnguyen/qmfir_digital_filter_cores/qmfir_eth/qmfir_udp/EDK_project/
system.mhs line 150 - Copying cache implementation netlist
IPNAME:xps_uartlite INSTANCE:rs232_0 -
/proj/users/hmnguyen/qmfir_digital_filter_cores/qmfir_eth/qmfir_udp/EDK_project/
system.mhs line 180 - Copying cache implementation netlist
IPNAME:xps_ll_fifo INSTANCE:hard_ethernet_mac_fifo -
/proj/users/hmnguyen/qmfir_digital_filter_cores/qmfir_eth/qmfir_udp/EDK_project/
system.mhs line 195 - Copying cache implementation netlist
IPNAME:xps_ll_temac INSTANCE:hard_ethernet_mac -
/proj/users/hmnguyen/qmfir_digital_filter_cores/qmfir_eth/qmfir_udp/EDK_project/
system.mhs line 205 - Copying cache implementation netlist
IPNAME:mpmc INSTANCE:ddr_sdram_0 -
/proj/users/hmnguyen/qmfir_digital_filter_cores/qmfir_eth/qmfir_udp/EDK_project/
system.mhs line 230 - Copying cache implementation netlist
IPNAME:qmfir INSTANCE:qmfir_0 -
/proj/users/hmnguyen/qmfir_digital_filter_cores/qmfir_eth/qmfir_udp/EDK_project/
system.mhs line 267 - Copying cache implementation netlist

Elaborating instances ...
IPNAME:bram_block INSTANCE:xps_bram_if_cntlr_0_bram -
/proj/users/hmnguyen/qmfir_digital_filter_cores/qmfir_eth/qmfir_udp/EDK_project/
system.mhs line 88 - elaborating IP

Writing HDL for elaborated instances ...

Inserting wrapper level ...
Completion time: 3.00 seconds

Constructing platform-level connectivity ...
Completion time: 1.00 seconds

Writing (top-level) BMM ...

Writing (top-level and wrappers) HDL ...

Generating synthesis project file ...

Running XST synthesis ...

INFO:EDK:2502 - The following instances are synthesized with XST. The MPD option
   IMP_NETLIST=TRUE indicates that a NGC file is to be produced using XST
   synthesis. IMP_NETLIST=FALSE (default) instances are not synthesized. 
INSTANCE:qmfir_0 -
/proj/users/hmnguyen/qmfir_digital_filter_cores/qmfir_eth/qmfir_udp/EDK_project/
system.mhs line 267 - Running XST synthesis

Running NGCBUILD ...
IPNAME:qmfir_0_wrapper INSTANCE:qmfir_0 -
/proj/users/hmnguyen/qmfir_digital_filter_cores/qmfir_eth/qmfir_udp/EDK_project/
system.mhs line 267 - Running NGCBUILD

Rebuilding cache ...

Total run time: 397.00 seconds
