iMPACT Version: 11.5

iMPACT log file Started on Thu May  5 13:16:30 2011

Welcome to iMPACT
iMPACT Version: 11.5
// *** BATCH CMD : setMode -bs
// *** BATCH CMD : setMode -bs
// *** BATCH CMD : setMode -bs
// *** BATCH CMD : setMode -bs
GUI --- Auto connect to cable...
// *** BATCH CMD : setCable -port auto
AutoDetecting cable. Please wait.
PROGRESS_START - Starting Operation.
Reusing A0010001 key.
Reusing 24010001 key.
 OS platform = i686.
Connecting to cable (Usb Port - USB21).
Checking cable driver.
File version of /proj/sw/Xilinx/11.1/ISE/bin/lin/xusbdfwu.hex = 1030.
File version of /usr/share/xusbdfwu.hex = 1030.
 Using libusb.
 Kernel release = 2.6.32-28-generic.
 Max current requested during enumeration is 280 mA.
Type = 0x0605.
 Cable Type = 3, Revision = 0.
 Setting cable speed to 6 MHz.
Cable connection established.
Firmware version = 1100.
File version of /proj/sw/Xilinx/11.1/ISE/data/xusbdfwu.hex = 1100.
Firmware hex file version = 1100.
PLD file version = 0012h.
 PLD version = 0012h.
PROGRESS_END - End Operation.
Elapsed time =      1 sec.
Attempting to identify devices in the boundary-scan chain configuration...
INFO:iMPACT - Current time: Thu May 5 13:16:35 2011
// *** BATCH CMD : Identify 
PROGRESS_START - Starting Operation.
Identifying chain contents...'0': : Manufacturer's ID = Xilinx xc5vfx130t, Version : 2
INFO:iMPACT:1777 - 
   Reading /proj/sw/Xilinx/11.1/ISE/virtex5/data/xc5vfx130t.bsd...
INFO:iMPACT:501 - '1': Added Device xc5vfx130t successfully.
----------------------------------------------------------------------
----------------------------------------------------------------------
done.
PROGRESS_END - End Operation.
Elapsed time =      0 sec.
// *** BATCH CMD : identifyMPM 
// *** BATCH CMD : assignFile -p 1 -file"/proj/users/hmnguyen/qmfir/qmfir_uart/qmfir_240MHz/ISE_project/QMFIR_uart_top.bit"
'1': Loading file'/proj/users/hmnguyen/qmfir/qmfir_uart/qmfir_240MHz/ISE_project/QMFIR_uart_top.bit' ...
done.
INFO:iMPACT:2257 - Startup Clock has been changed to 'JtagClk' in the bitstream   stored in memory,
   but the original bitstream file remains unchanged.
UserID read from the bitstream file = 0xFFFFFFFF.
INFO:iMPACT:501 - '1': Added Device xc5vfx130t successfully.
----------------------------------------------------------------------
----------------------------------------------------------------------
INFO:iMPACT - Current time: Thu May 5 13:16:50 2011
// *** BATCH CMD : Program -p 1 
Maximum TCK operating frequency for this device chain: 33000000.
Validating chain...
Boundary-scan chain validated successfully.
1: Device Temperature: Current Reading:   44.47 C, Min. Reading:   40.53 C, Max.Reading:   44.96 C
1: VCCINT Supply: Current Reading:   0.999 V, Min. Reading:   0.996 V, Max.Reading:   0.999 V
1: VCCAUX Supply: Current Reading:   2.505 V, Min. Reading:   2.499 V, Max.Reading:   2.508 V
PROGRESS_START - Starting Operation.
'1': Programming device...
 Match_cycle = NoWait.
Match cycle: NoWait
done.
INFO:iMPACT:2219 - Status register values:
INFO:iMPACT - 0011 1111 0011 1110 0000 1011 1010 0000 
INFO:iMPACT:579 - '1': Completed downloading bit file to device.
INFO:iMPACT - '1': Programing completed successfully.
 Match_cycle = NoWait.
Match cycle: NoWait
INFO:iMPACT - '1': Checking done pin....done.
'1': Programmed successfully.
PROGRESS_END - End Operation.
Elapsed time =     14 sec.
// *** BATCH CMD : deleteDevice -position 1
